<?xml version="1.0" encoding="UTF-8"?>
<!-- Generated by org.testng.reporters.JUnitReportReporter -->
<testsuite hostname="Lenovo" failures="0" tests="6" name="elements.Elements" time="29.931" errors="0" timestamp="2025-03-18T21:09:06 IST" skipped="1">
  <testcase classname="elements.Elements" name="checkbox" time="3.101"/>
  <testcase classname="elements.Elements" name="radio_btn_TC__1" time="3.373"/>
  <testcase classname="elements.Elements" name="txt_box" time="7.768"/>
  <testcase classname="elements.Elements" name="link_element" time="12.119"/>
  <testcase classname="elements.Elements" name="button_element" time="3.570"/>
  <testcase classname="elements.Elements" name="web_table_TC001">
    <skipped/>
  </testcase> <!-- web_table_TC001 -->
</testsuite> <!-- elements.Elements -->
