<?xml version="1.0" encoding="UTF-8"?>
<!-- Generated by org.testng.reporters.JUnitReportReporter -->
<testsuite hostname="Lenovo" failures="0" tests="11" name="elements.Elements" time="7.002" errors="0" timestamp="2025-03-19T14:41:21 IST" skipped="10">
  <testcase classname="elements.Elements" name="dynamic_element" time="7.002"/>
  <testcase classname="elements.Elements" name="button_element">
    <skipped/>
  </testcase> <!-- button_element -->
  <testcase classname="elements.Elements" name="link_element_TC002">
    <skipped/>
  </testcase> <!-- link_element_TC002 -->
  <testcase classname="elements.Elements" name="link_element">
    <skipped/>
  </testcase> <!-- link_element -->
  <testcase classname="elements.Elements" name="txt_box">
    <skipped/>
  </testcase> <!-- txt_box -->
  <testcase classname="elements.Elements" name="web_table_TC001">
    <skipped/>
  </testcase> <!-- web_table_TC001 -->
  <testcase classname="elements.Elements" name="broken_link_">
    <skipped/>
  </testcase> <!-- broken_link_ -->
  <testcase classname="elements.Elements" name="checkbox">
    <skipped/>
  </testcase> <!-- checkbox -->
  <testcase classname="elements.Elements" name="radio_btn_TC__1">
    <skipped/>
  </testcase> <!-- radio_btn_TC__1 -->
  <testcase classname="elements.Elements" name="link_element_TC003">
    <skipped/>
  </testcase> <!-- link_element_TC003 -->
  <testcase classname="elements.Elements" name="upload_download_element">
    <skipped/>
  </testcase> <!-- upload_download_element -->
</testsuite> <!-- elements.Elements -->
