<?xml version="1.0" encoding="UTF-8"?>
<!-- Generated by org.testng.reporters.JUnitReportReporter -->
<testsuite hostname="Lenovo" failures="0" tests="4" name="alerts_frames_windows.Windows" time="21.509" errors="0" timestamp="2025-03-19T17:24:07 IST" skipped="0">
  <testcase classname="alerts_frames_windows.Windows" name="alerts_test_cases" time="12.241"/>
  <testcase classname="alerts_frames_windows.Windows" name="nested_frame" time="1.803"/>
  <testcase classname="alerts_frames_windows.Windows" name="frames_test_cases" time="4.435"/>
  <testcase classname="alerts_frames_windows.Windows" name="windows" time="3.030"/>
</testsuite> <!-- alerts_frames_windows.Windows -->
